<?xml version="1.0" encoding="UTF-8"?>
<testng-results skipped="0" failed="0" ignored="0" total="1" passed="1">
  <reporter-output>
  </reporter-output>
  <suite name="InetBankingV1" duration-ms="15507" started-at="2022-01-17T00:42:51 IST" finished-at="2022-01-17T00:43:06 IST">
    <groups>
    </groups>
    <test name="BankingApp Test" duration-ms="15507" started-at="2022-01-17T00:42:51 IST" finished-at="2022-01-17T00:43:06 IST">
      <class name="com.inetBankingV1.TestCases.TC_LoginTest_001">
        <test-method status="PASS" signature="setup(java.lang.String)[pri:0, instance:com.inetBankingV1.TestCases.TC_LoginTest_001@2b552920]" name="setup" is-config="true" duration-ms="12238" started-at="2022-01-17T00:42:51 IST" finished-at="2022-01-17T00:43:03 IST">
          <params>
            <param index="0">
              <value>
                <![CDATA[chrome]]>
              </value>
            </param>
          </params>
          <reporter-output>
          </reporter-output>
        </test-method> <!-- setup -->
        <test-method status="PASS" signature="LoginTest()[pri:0, instance:com.inetBankingV1.TestCases.TC_LoginTest_001@2b552920]" name="LoginTest" duration-ms="2167" started-at="2022-01-17T00:43:03 IST" finished-at="2022-01-17T00:43:05 IST">
          <reporter-output>
          </reporter-output>
        </test-method> <!-- LoginTest -->
        <test-method status="PASS" signature="teardown()[pri:0, instance:com.inetBankingV1.TestCases.TC_LoginTest_001@2b552920]" name="teardown" is-config="true" duration-ms="752" started-at="2022-01-17T00:43:05 IST" finished-at="2022-01-17T00:43:06 IST">
          <reporter-output>
          </reporter-output>
        </test-method> <!-- teardown -->
      </class> <!-- com.inetBankingV1.TestCases.TC_LoginTest_001 -->
    </test> <!-- BankingApp Test -->
  </suite> <!-- InetBankingV1 -->
</testng-results>
