<?xml version="1.0" encoding="UTF-8"?>
<testng-results skipped="0" failed="2" total="6" passed="4">
  <reporter-output>
  </reporter-output>
  <suite name="InetBankingV1" duration-ms="64091" started-at="2022-01-14T21:14:05Z" finished-at="2022-01-14T21:15:09Z">
    <groups>
    </groups>
    <test name="BankingApp Test" duration-ms="64091" started-at="2022-01-14T21:14:05Z" finished-at="2022-01-14T21:15:09Z">
      <class name="com.inetBankingV1.TestCases.TC_LoginTest_001">
        <test-method status="PASS" signature="setup(java.lang.String)[pri:0, instance:com.inetBankingV1.TestCases.TC_LoginTest_001@3567135c]" name="setup" is-config="true" duration-ms="10565" started-at="2022-01-15T02:44:05Z" finished-at="2022-01-15T02:44:15Z">
          <params>
            <param index="0">
              <value>
                <![CDATA[chrome]]>
              </value>
            </param>
          </params>
          <reporter-output>
          </reporter-output>
        </test-method> <!-- setup -->
        <test-method status="PASS" signature="LoginTest()[pri:0, instance:com.inetBankingV1.TestCases.TC_LoginTest_001@3567135c]" name="LoginTest" duration-ms="2203" started-at="2022-01-15T02:44:15Z" finished-at="2022-01-15T02:44:18Z">
          <reporter-output>
          </reporter-output>
        </test-method> <!-- LoginTest -->
        <test-method status="PASS" signature="teardown()[pri:0, instance:com.inetBankingV1.TestCases.TC_LoginTest_001@3567135c]" name="teardown" is-config="true" duration-ms="844" started-at="2022-01-15T02:44:18Z" finished-at="2022-01-15T02:44:19Z">
          <reporter-output>
          </reporter-output>
        </test-method> <!-- teardown -->
      </class> <!-- com.inetBankingV1.TestCases.TC_LoginTest_001 -->
      <class name="com.inetBankingV1.TestCases.TC_LoginTDD_002">
        <test-method status="PASS" signature="setup(java.lang.String)[pri:0, instance:com.inetBankingV1.TestCases.TC_LoginTDD_002@327471b5]" name="setup" is-config="true" duration-ms="7056" started-at="2022-01-15T02:44:19Z" finished-at="2022-01-15T02:44:26Z">
          <params>
            <param index="0">
              <value>
                <![CDATA[chrome]]>
              </value>
            </param>
          </params>
          <reporter-output>
          </reporter-output>
        </test-method> <!-- setup -->
        <test-method status="PASS" signature="LoginTDD(java.lang.String, java.lang.String)[pri:0, instance:com.inetBankingV1.TestCases.TC_LoginTDD_002@327471b5]" name="LoginTDD" duration-ms="5080" started-at="2022-01-15T02:44:27Z" data-provider="LoginData" finished-at="2022-01-15T02:44:32Z">
          <params>
            <param index="0">
              <value>
                <![CDATA[mngr26593]]>
              </value>
            </param>
            <param index="1">
              <value>
                <![CDATA[123456aA!]]>
              </value>
            </param>
          </params>
          <reporter-output>
          </reporter-output>
        </test-method> <!-- LoginTDD -->
        <test-method status="FAIL" signature="LoginTDD(java.lang.String, java.lang.String)[pri:0, instance:com.inetBankingV1.TestCases.TC_LoginTDD_002@327471b5]" name="LoginTDD" duration-ms="2476" started-at="2022-01-15T02:44:32Z" data-provider="LoginData" finished-at="2022-01-15T02:44:34Z">
          <params>
            <param index="0">
              <value>
                <![CDATA[mngr26123]]>
              </value>
            </param>
            <param index="1">
              <value>
                <![CDATA[123456aA!]]>
              </value>
            </param>
          </params>
          <exception class="junit.framework.AssertionFailedError">
            <full-stacktrace>
              <![CDATA[junit.framework.AssertionFailedError
	at junit.framework.Assert.fail(Assert.java:47)
	at junit.framework.Assert.assertTrue(Assert.java:20)
	at junit.framework.Assert.assertTrue(Assert.java:27)
	at com.inetBankingV1.TestCases.TC_LoginTDD_002.LoginTDD(TC_LoginTDD_002.java:32)
	at sun.reflect.NativeMethodAccessorImpl.invoke0(Native Method)
	at sun.reflect.NativeMethodAccessorImpl.invoke(Unknown Source)
	at sun.reflect.DelegatingMethodAccessorImpl.invoke(Unknown Source)
	at java.lang.reflect.Method.invoke(Unknown Source)
	at org.testng.internal.MethodInvocationHelper.invokeMethod(MethodInvocationHelper.java:86)
	at org.testng.internal.Invoker.invokeMethod(Invoker.java:645)
	at org.testng.internal.Invoker.invokeTestMethod(Invoker.java:822)
	at org.testng.internal.Invoker.invokeTestMethods(Invoker.java:1130)
	at org.testng.internal.TestMethodWorker.invokeTestMethods(TestMethodWorker.java:129)
	at org.testng.internal.TestMethodWorker.run(TestMethodWorker.java:112)
	at org.testng.TestRunner.privateRun(TestRunner.java:782)
	at org.testng.TestRunner.run(TestRunner.java:632)
	at org.testng.SuiteRunner.runTest(SuiteRunner.java:366)
	at org.testng.SuiteRunner.runSequentially(SuiteRunner.java:361)
	at org.testng.SuiteRunner.privateRun(SuiteRunner.java:319)
	at org.testng.SuiteRunner.run(SuiteRunner.java:268)
	at org.testng.SuiteRunnerWorker.runSuite(SuiteRunnerWorker.java:52)
	at org.testng.SuiteRunnerWorker.run(SuiteRunnerWorker.java:86)
	at org.testng.TestNG.runSuitesSequentially(TestNG.java:1244)
	at org.testng.TestNG.runSuitesLocally(TestNG.java:1169)
	at org.testng.TestNG.run(TestNG.java:1064)
	at org.testng.remote.RemoteTestNG.run(RemoteTestNG.java:113)
	at org.testng.remote.RemoteTestNG.initAndRun(RemoteTestNG.java:206)
	at org.testng.remote.RemoteTestNG.main(RemoteTestNG.java:177)
]]>
            </full-stacktrace>
          </exception> <!-- junit.framework.AssertionFailedError -->
          <reporter-output>
          </reporter-output>
        </test-method> <!-- LoginTDD -->
        <test-method status="PASS" signature="LoginTDD(java.lang.String, java.lang.String)[pri:0, instance:com.inetBankingV1.TestCases.TC_LoginTDD_002@327471b5]" name="LoginTDD" duration-ms="4286" started-at="2022-01-15T02:44:34Z" data-provider="LoginData" finished-at="2022-01-15T02:44:39Z">
          <params>
            <param index="0">
              <value>
                <![CDATA[mngr26593]]>
              </value>
            </param>
            <param index="1">
              <value>
                <![CDATA[123456aA!]]>
              </value>
            </param>
          </params>
          <reporter-output>
          </reporter-output>
        </test-method> <!-- LoginTDD -->
        <test-method status="FAIL" signature="LoginTDD(java.lang.String, java.lang.String)[pri:0, instance:com.inetBankingV1.TestCases.TC_LoginTDD_002@327471b5]" name="LoginTDD" duration-ms="2584" started-at="2022-01-15T02:44:39Z" data-provider="LoginData" finished-at="2022-01-15T02:44:41Z">
          <params>
            <param index="0">
              <value>
                <![CDATA[mngr26123]]>
              </value>
            </param>
            <param index="1">
              <value>
                <![CDATA[123456aA!]]>
              </value>
            </param>
          </params>
          <exception class="junit.framework.AssertionFailedError">
            <full-stacktrace>
              <![CDATA[junit.framework.AssertionFailedError
	at junit.framework.Assert.fail(Assert.java:47)
	at junit.framework.Assert.assertTrue(Assert.java:20)
	at junit.framework.Assert.assertTrue(Assert.java:27)
	at com.inetBankingV1.TestCases.TC_LoginTDD_002.LoginTDD(TC_LoginTDD_002.java:32)
	at sun.reflect.NativeMethodAccessorImpl.invoke0(Native Method)
	at sun.reflect.NativeMethodAccessorImpl.invoke(Unknown Source)
	at sun.reflect.DelegatingMethodAccessorImpl.invoke(Unknown Source)
	at java.lang.reflect.Method.invoke(Unknown Source)
	at org.testng.internal.MethodInvocationHelper.invokeMethod(MethodInvocationHelper.java:86)
	at org.testng.internal.Invoker.invokeMethod(Invoker.java:645)
	at org.testng.internal.Invoker.invokeTestMethod(Invoker.java:822)
	at org.testng.internal.Invoker.invokeTestMethods(Invoker.java:1130)
	at org.testng.internal.TestMethodWorker.invokeTestMethods(TestMethodWorker.java:129)
	at org.testng.internal.TestMethodWorker.run(TestMethodWorker.java:112)
	at org.testng.TestRunner.privateRun(TestRunner.java:782)
	at org.testng.TestRunner.run(TestRunner.java:632)
	at org.testng.SuiteRunner.runTest(SuiteRunner.java:366)
	at org.testng.SuiteRunner.runSequentially(SuiteRunner.java:361)
	at org.testng.SuiteRunner.privateRun(SuiteRunner.java:319)
	at org.testng.SuiteRunner.run(SuiteRunner.java:268)
	at org.testng.SuiteRunnerWorker.runSuite(SuiteRunnerWorker.java:52)
	at org.testng.SuiteRunnerWorker.run(SuiteRunnerWorker.java:86)
	at org.testng.TestNG.runSuitesSequentially(TestNG.java:1244)
	at org.testng.TestNG.runSuitesLocally(TestNG.java:1169)
	at org.testng.TestNG.run(TestNG.java:1064)
	at org.testng.remote.RemoteTestNG.run(RemoteTestNG.java:113)
	at org.testng.remote.RemoteTestNG.initAndRun(RemoteTestNG.java:206)
	at org.testng.remote.RemoteTestNG.main(RemoteTestNG.java:177)
]]>
            </full-stacktrace>
          </exception> <!-- junit.framework.AssertionFailedError -->
          <reporter-output>
          </reporter-output>
        </test-method> <!-- LoginTDD -->
        <test-method status="PASS" signature="teardown()[pri:0, instance:com.inetBankingV1.TestCases.TC_LoginTDD_002@327471b5]" name="teardown" is-config="true" duration-ms="866" started-at="2022-01-15T02:44:41Z" finished-at="2022-01-15T02:44:42Z">
          <reporter-output>
          </reporter-output>
        </test-method> <!-- teardown -->
      </class> <!-- com.inetBankingV1.TestCases.TC_LoginTDD_002 -->
      <class name="com.inetBankingV1.TestCases.TC_AddCustomerTest_003">
        <test-method status="PASS" signature="setup(java.lang.String)[pri:0, instance:com.inetBankingV1.TestCases.TC_AddCustomerTest_003@4157f54e]" name="setup" is-config="true" duration-ms="7310" started-at="2022-01-15T02:44:42Z" finished-at="2022-01-15T02:44:49Z">
          <params>
            <param index="0">
              <value>
                <![CDATA[chrome]]>
              </value>
            </param>
          </params>
          <reporter-output>
          </reporter-output>
        </test-method> <!-- setup -->
        <test-method status="PASS" signature="addNewCustomer()[pri:0, instance:com.inetBankingV1.TestCases.TC_AddCustomerTest_003@4157f54e]" name="addNewCustomer" duration-ms="18406" started-at="2022-01-15T02:44:49Z" finished-at="2022-01-15T02:45:08Z">
          <reporter-output>
          </reporter-output>
        </test-method> <!-- addNewCustomer -->
        <test-method status="PASS" signature="teardown()[pri:0, instance:com.inetBankingV1.TestCases.TC_AddCustomerTest_003@4157f54e]" name="teardown" is-config="true" duration-ms="849" started-at="2022-01-15T02:45:08Z" finished-at="2022-01-15T02:45:09Z">
          <reporter-output>
          </reporter-output>
        </test-method> <!-- teardown -->
      </class> <!-- com.inetBankingV1.TestCases.TC_AddCustomerTest_003 -->
    </test> <!-- BankingApp Test -->
  </suite> <!-- InetBankingV1 -->
</testng-results>
